<?xml version="1.0" encoding="UTF-8"?>
<!-- Generated by org.testng.reporters.JUnitReportReporter -->
<testsuite hostname="Sony-VAIO" name="test.NewTest" tests="1" failures="0" timestamp="5 Jan 2020 06:09:37 GMT" time="32.263" errors="0">
  <testcase name="f" time="32.263" classname="test.NewTest"/>
</testsuite> <!-- test.NewTest -->
